<?xml version="1.0" encoding="UTF-8"?>
<!-- Generated by org.testng.reporters.JUnitXMLReporter -->
<testsuite hostname="Melisas-MacBook-Pro.local" ignored="0" name="Default test" tests="4" failures="0" timestamp="22 Jun 2018 02:19:59 GMT" time="30.742" errors="0">
  <testcase name="blankEmailAddress" time="4.68" classname="com.prestashop.tests.NegativeScenarios"/>
  <testcase name="blankPasswordTest" time="2.712" classname="com.prestashop.tests.NegativeScenarios"/>
  <testcase name="invalidEmailTest" time="4.706" classname="com.prestashop.tests.NegativeScenarios"/>
  <testcase name="wrongCredentialsTest" time="2.642" classname="com.prestashop.tests.NegativeScenarios"/>
</testsuite> <!-- Default test -->
