<?xml version="1.0" encoding="UTF-8"?>
<testng-results skipped="0" failed="0" ignored="0" total="4" passed="4">
  <reporter-output>
  </reporter-output>
  <suite name="Default suite" duration-ms="30742" started-at="2018-06-22T02:19:28Z" finished-at="2018-06-22T02:19:58Z">
    <groups>
    </groups>
    <test name="Default test" duration-ms="30742" started-at="2018-06-22T02:19:28Z" finished-at="2018-06-22T02:19:58Z">
      <class name="com.prestashop.tests.NegativeScenarios">
        <test-method status="PASS" signature="setUp()[pri:0, instance:com.prestashop.tests.NegativeScenarios@39c0f4a]" name="setUp" is-config="true" duration-ms="5095" started-at="2018-06-22T02:19:28Z" finished-at="2018-06-22T02:19:33Z">
          <reporter-output>
          </reporter-output>
        </test-method> <!-- setUp -->
        <test-method status="PASS" signature="blankEmailAddress()[pri:0, instance:com.prestashop.tests.NegativeScenarios@39c0f4a]" name="blankEmailAddress" duration-ms="4680" started-at="2018-06-22T02:19:33Z" finished-at="2018-06-22T02:19:38Z">
          <reporter-output>
          </reporter-output>
        </test-method> <!-- blankEmailAddress -->
        <test-method status="PASS" signature="tearDown()[pri:0, instance:com.prestashop.tests.NegativeScenarios@39c0f4a]" name="tearDown" is-config="true" duration-ms="112" started-at="2018-06-22T02:19:38Z" finished-at="2018-06-22T02:19:38Z">
          <reporter-output>
          </reporter-output>
        </test-method> <!-- tearDown -->
        <test-method status="PASS" signature="setUp()[pri:0, instance:com.prestashop.tests.NegativeScenarios@39c0f4a]" name="setUp" is-config="true" duration-ms="3203" started-at="2018-06-22T02:19:38Z" finished-at="2018-06-22T02:19:41Z">
          <reporter-output>
          </reporter-output>
        </test-method> <!-- setUp -->
        <test-method status="PASS" signature="blankPasswordTest()[pri:0, instance:com.prestashop.tests.NegativeScenarios@39c0f4a]" name="blankPasswordTest" duration-ms="2712" started-at="2018-06-22T02:19:41Z" finished-at="2018-06-22T02:19:44Z">
          <reporter-output>
          </reporter-output>
        </test-method> <!-- blankPasswordTest -->
        <test-method status="PASS" signature="tearDown()[pri:0, instance:com.prestashop.tests.NegativeScenarios@39c0f4a]" name="tearDown" is-config="true" duration-ms="120" started-at="2018-06-22T02:19:44Z" finished-at="2018-06-22T02:19:44Z">
          <reporter-output>
          </reporter-output>
        </test-method> <!-- tearDown -->
        <test-method status="PASS" signature="setUp()[pri:0, instance:com.prestashop.tests.NegativeScenarios@39c0f4a]" name="setUp" is-config="true" duration-ms="3830" started-at="2018-06-22T02:19:44Z" finished-at="2018-06-22T02:19:48Z">
          <reporter-output>
          </reporter-output>
        </test-method> <!-- setUp -->
        <test-method status="PASS" signature="invalidEmailTest()[pri:0, instance:com.prestashop.tests.NegativeScenarios@39c0f4a]" name="invalidEmailTest" duration-ms="4706" started-at="2018-06-22T02:19:48Z" finished-at="2018-06-22T02:19:52Z">
          <reporter-output>
          </reporter-output>
        </test-method> <!-- invalidEmailTest -->
        <test-method status="PASS" signature="tearDown()[pri:0, instance:com.prestashop.tests.NegativeScenarios@39c0f4a]" name="tearDown" is-config="true" duration-ms="78" started-at="2018-06-22T02:19:52Z" finished-at="2018-06-22T02:19:52Z">
          <reporter-output>
          </reporter-output>
        </test-method> <!-- tearDown -->
        <test-method status="PASS" signature="setUp()[pri:0, instance:com.prestashop.tests.NegativeScenarios@39c0f4a]" name="setUp" is-config="true" duration-ms="3458" started-at="2018-06-22T02:19:52Z" finished-at="2018-06-22T02:19:56Z">
          <reporter-output>
          </reporter-output>
        </test-method> <!-- setUp -->
        <test-method status="PASS" signature="wrongCredentialsTest()[pri:0, instance:com.prestashop.tests.NegativeScenarios@39c0f4a]" name="wrongCredentialsTest" duration-ms="2642" started-at="2018-06-22T02:19:56Z" finished-at="2018-06-22T02:19:58Z">
          <reporter-output>
          </reporter-output>
        </test-method> <!-- wrongCredentialsTest -->
        <test-method status="PASS" signature="tearDown()[pri:0, instance:com.prestashop.tests.NegativeScenarios@39c0f4a]" name="tearDown" is-config="true" duration-ms="75" started-at="2018-06-22T02:19:58Z" finished-at="2018-06-22T02:19:58Z">
          <reporter-output>
          </reporter-output>
        </test-method> <!-- tearDown -->
      </class> <!-- com.prestashop.tests.NegativeScenarios -->
    </test> <!-- Default test -->
  </suite> <!-- Default suite -->
</testng-results>
